AFMLOG:__main__:afmlog message
INFO:__main__:info message
WARNING:__main__:warning message
ERROR:__main__:error message
2016-03-07 19:06:37,259 - __main__ - AFMLOG - afmlog message
2016-03-07 19:06:37,266 - __main__ - INFO - info message
2016-03-07 19:06:37,267 - __main__ - WARNING - warning message
2016-03-07 19:06:37,267 - __main__ - ERROR - error message
2016-03-07 19:15:21,189 - __main__ -   AFMLOG - afmlog message
2016-03-07 19:15:21,197 - __main__ -     INFO - info message
2016-03-07 19:15:21,197 - __main__ -  WARNING - warning message
2016-03-07 19:15:21,198 - __main__ -    ERROR - error message
2016-03-07 19:15:45,264 - __main__ - AFMLOG   - afmlog message
2016-03-07 19:15:45,271 - __main__ - INFO     - info message
2016-03-07 19:15:45,272 - __main__ - WARNING  - warning message
2016-03-07 19:15:45,272 - __main__ - ERROR    - error message
2016-03-07 19:15:56,763 - __main__ - AFMLOG   - afmlog message
2016-03-07 19:15:56,772 - __main__ - INFO     - info message
2016-03-07 19:15:56,773 - __main__ - WARNING  - warning message
2016-03-07 19:15:56,773 - __main__ - ERROR    - error message
2016-03-07 19:16:08,533 - __main__ - AFMLOG   - afmlog message
2016-03-07 19:16:08,545 - __main__ - INFO     - info message
2016-03-07 19:16:08,545 - __main__ - WARNING  - warning message
2016-03-07 19:16:08,546 - __main__ - ERROR    - error message
2016-03-07 19:16:18,140 - __main__ - AFMLOG   - afmlog message
2016-03-07 19:16:18,148 - __main__ - INFO     - info message
2016-03-07 19:16:18,149 - __main__ - WARNING  - warning message
2016-03-07 19:16:18,149 - __main__ - ERROR    - error message
2016-03-07 19:16:31,527 - __main__ - AFMLOG   - afmlog message
2016-03-07 19:16:31,534 - __main__ - INFO     - info message
2016-03-07 19:16:31,535 - __main__ - WARNING  - warning message
2016-03-07 19:16:31,535 - __main__ - ERROR    - error message
2016-03-07 19:25:14,503 - __main__ - AFMLOG   - afmlog message
2016-03-07 19:25:14,515 - __main__ - INFO     - info message
2016-03-07 19:25:14,516 - __main__ - WARNING  - warning message
2016-03-07 19:25:14,516 - __main__ - ERROR    - error message
2016-03-07 19:27:02,535 - __main__ - AFMLOG   - afmlog message
2016-03-07 19:27:02,548 - __main__ - INFO     - info message
2016-03-07 19:27:02,551 - __main__ - WARNING  - warning message
2016-03-07 19:27:02,551 - __main__ - ERROR    - error message
2016-03-07 19:27:15,569 - __main__ - AFMLOG   - afmlog message
2016-03-07 19:27:15,578 - __main__ - INFO     - info message
2016-03-07 19:27:15,579 - __main__ - WARNING  - warning message
2016-03-07 19:27:15,580 - __main__ - ERROR    - error message
2016-03-07 19:27:21,233 - __main__ - AFMLOG   - afmlog message
2016-03-07 19:27:21,243 - __main__ - INFO     - info message
2016-03-07 19:27:21,244 - __main__ - WARNING  - warning message
2016-03-07 19:27:21,244 - __main__ - ERROR    - error message
2016-03-07 19:27:35,360 - __main__ - AFMLOG   - afmlog message
2016-03-07 19:27:35,372 - __main__ - INFO     - info message
2016-03-07 19:27:35,373 - __main__ - WARNING  - warning message
2016-03-07 19:27:35,373 - __main__ - ERROR    - error message
2016-03-07 19:27:41,052 - __main__ - AFMLOG   - afmlog message
2016-03-07 19:27:41,061 - __main__ - INFO     - info message
2016-03-07 19:27:41,061 - __main__ - WARNING  - warning message
2016-03-07 19:27:41,062 - __main__ - ERROR    - error message
2016-03-07 19:27:50,842 - __main__ - AFMLOG   - afmlog message
2016-03-07 19:27:50,850 - __main__ - INFO     - info message
2016-03-07 19:27:50,850 - __main__ - WARNING  - warning message
2016-03-07 19:27:50,851 - __main__ - ERROR    - error message
2016-03-07 19:27:57,750 - __main__ - AFMLOG   - afmlog message
2016-03-07 19:27:57,758 - __main__ - INFO     - info message
2016-03-07 19:27:57,759 - __main__ - WARNING  - warning message
2016-03-07 19:27:57,759 - __main__ - ERROR    - error message
2016-03-07 19:28:45,733 - __main__ - AFMLOG   - afmlog message
2016-03-07 19:28:45,742 - __main__ - INFO     - info message
2016-03-07 19:28:45,742 - __main__ - WARNING  - warning message
2016-03-07 19:28:45,743 - __main__ - ERROR    - error message
2016-03-07 19:32:58,759 - __main__ - AFMLOG   - afmlog message
2016-03-07 19:32:58,770 - __main__ - INFO     - info message
2016-03-07 19:32:58,771 - __main__ - WARNING  - warning message
2016-03-07 19:32:58,772 - __main__ - ERROR    - error message
2016-03-07 19:33:03,294 - __main__ - AFMLOG   - afmlog message
2016-03-07 19:33:03,302 - __main__ - INFO     - info message
2016-03-07 19:33:03,303 - __main__ - WARNING  - warning message
2016-03-07 19:33:03,304 - __main__ - ERROR    - error message
2016-03-08 20:53:37,507 - __main__ - AFMLOG   - afmlog message
2016-03-08 20:53:37,518 - __main__ - INFO     - info message
2016-03-08 20:53:37,518 - __main__ - WARNING  - warning message
2016-03-08 20:53:37,518 - __main__ - ERROR    - error message
2016-03-08 20:55:35,027 - __main__ - AFMLOG   - afmlog message
2016-03-08 20:55:35,039 - __main__ - INFO     - info message
2016-03-08 20:55:35,040 - __main__ - WARNING  - warning message
2016-03-08 20:55:35,041 - __main__ - ERROR    - error message
2016-03-08 21:50:01,751 - __main__ - AFMLOG   - afmlog message
2016-03-08 21:50:01,759 - __main__ - INFO     - info message
2016-03-08 21:50:01,760 - __main__ - WARNING  - warning message
2016-03-08 21:50:01,761 - __main__ - ERROR    - error message
2016-03-08 21:55:57,587 - __main__ - AFMLOG   - afmlog message
2016-03-08 21:55:57,597 - __main__ - INFO     - info message
2016-03-08 21:55:57,598 - __main__ - WARNING  - warning message
2016-03-08 21:55:57,599 - __main__ - ERROR    - error message
